
4/18/2023, 12:47:30 PM - INFO - Socket disconnected [id: undefined]
4/18/2023, 12:47:32 PM - INFO - New connected socket [id: zvGQfZSe98A4PMQsAAAf]
4/18/2023, 12:49:36 PM - INFO - Socket disconnected [id: undefined]
4/18/2023, 12:49:39 PM - INFO - New connected socket [id: XTx-kmaoA4LMcacfAAAh]
4/18/2023, 12:54:16 PM - INFO - Socket disconnected [id: undefined]
4/18/2023, 12:54:20 PM - INFO - New connected socket [id: 8VCOZFm5HYxKsC3NAAAj]
4/18/2023, 12:54:35 PM - INFO - Socket disconnected [id: undefined]
4/18/2023, 12:54:39 PM - INFO - New connected socket [id: N11t_qW4qlYhb6KZAAAl]
4/18/2023, 12:55:19 PM - INFO - Socket disconnected [id: undefined]
4/18/2023, 12:55:21 PM - INFO - New connected socket [id: 0eYxzEPDQ-tSVNU_AAAn]
4/18/2023, 1:40:54 PM - INFO - Socket disconnected [id: undefined]
4/18/2023, 1:40:57 PM - INFO - New connected socket [id: 7hxipCnBo9gg-FXGAAAp]
4/18/2023, 1:42:37 PM - INFO - Socket disconnected [id: undefined]
4/18/2023, 1:42:40 PM - INFO - New connected socket [id: CoDLq1TZJqfv_rS8AAAr]
4/18/2023, 1:42:44 PM - INFO - Socket disconnected [id: undefined]
4/18/2023, 1:42:46 PM - INFO - New connected socket [id: f-sgUt3HWKlSXXv4AAAt]
4/18/2023, 1:43:41 PM - INFO - Socket disconnected [id: undefined]
4/18/2023, 1:43:44 PM - INFO - New connected socket [id: 5VfGvMqbU0ycut_FAAAv]
4/18/2023, 1:43:49 PM - INFO - Socket disconnected [id: undefined]
4/18/2023, 1:43:52 PM - INFO - New connected socket [id: kLUAnRDgxvgeUd57AAAx]
4/18/2023, 1:44:37 PM - INFO - Socket disconnected [id: undefined]
4/18/2023, 1:44:47 PM - INFO - New connected socket [id: orWSDAeB7NFnPPNCAAAz]
4/18/2023, 2:25:29 PM - INFO - Socket disconnected [id: undefined]
4/18/2023, 2:25:36 PM - INFO - New connected socket [id: _z5SWOqdU95OA75BAAA1]
4/18/2023, 2:27:22 PM - INFO - Socket disconnected [id: undefined]
4/18/2023, 2:27:25 PM - INFO - New connected socket [id: eBqBgqf9dhae6u89AAA3]
4/18/2023, 2:29:22 PM - INFO - Socket disconnected [id: undefined]
4/18/2023, 11:13:30 PM - INFO - Server listening at port %d | 3030
4/18/2023, 11:58:19 PM - INFO - Server listening at port %d | 3030
4/18/2023, 11:58:47 PM - INFO - Server listening at port %d | 3030
4/19/2023, 1:06:24 AM - INFO - Server listening at port %d | 3030
4/19/2023, 1:06:43 AM - INFO - Server listening at port %d | 3030
4/19/2023, 1:06:58 AM - INFO - Server listening at port %d | 3030
4/19/2023, 1:08:04 AM - INFO - Server listening at port %d | 3030
4/19/2023, 1:08:09 AM - INFO - Server listening at port %d | 3030
4/19/2023, 1:09:03 AM - INFO - Server listening at port %d | 3030
4/19/2023, 1:09:09 AM - INFO - Server listening at port %d | 3030
4/19/2023, 1:09:12 AM - INFO - Server listening at port %d | 3030
4/19/2023, 1:09:25 AM - INFO - Server listening at port %d | 3030
4/19/2023, 1:10:35 AM - INFO - Server listening at port %d | 3030
4/19/2023, 1:11:18 AM - INFO - Server listening at port %d | 3030
4/19/2023, 1:11:34 AM - INFO - Server listening at port %d | 3030
4/19/2023, 1:11:46 AM - INFO - Server listening at port %d | 3030
4/19/2023, 1:14:40 AM - INFO - Server listening at port %d | 3030
4/19/2023, 1:15:10 AM - INFO - Server listening at port %d | 3030
4/19/2023, 1:16:26 AM - INFO - Server listening at port %d | 3030
4/19/2023, 1:16:32 AM - INFO - Server listening at port %d | 3030
4/19/2023, 1:16:38 AM - INFO - Server listening at port %d | 3030
4/19/2023, 1:16:45 AM - INFO - Server listening at port %d | 3030
4/19/2023, 1:16:57 AM - INFO - Server listening at port %d | 3030
4/19/2023, 1:17:31 AM - INFO - Server listening at port %d | 3030
4/19/2023, 1:17:45 AM - INFO - Server listening at port %d | 3030
4/19/2023, 1:17:57 AM - INFO - Server listening at port %d | 3030
4/19/2023, 1:18:16 AM - INFO - Server listening at port %d | 3030
4/19/2023, 1:19:38 AM - INFO - Server listening at port %d | 3030
4/19/2023, 1:19:46 AM - INFO - Server listening at port %d | 3030
4/19/2023, 1:20:20 AM - INFO - Server listening at port %d | 3030
4/19/2023, 1:21:21 AM - INFO - Server listening at port %d | 3030
4/19/2023, 1:23:00 AM - INFO - Server listening at port %d | 3030
4/19/2023, 1:23:07 AM - INFO - Server listening at port %d | 3030
4/19/2023, 1:23:44 AM - INFO - Server listening at port %d | 3030
